{"uuid":"1324d087-149e-4b95-94f2-89d7a902c4ad","historyId":"99d3ba6714aee714d11d8991526f6cf4","fullName":"PrivateOfficeTest.privateOfficePageClickBurgerLogoOpenMainPageTest","labels":[{"name":"package","value":""},{"name":"testClass","value":"PrivateOfficeTest"},{"name":"testMethod","value":"privateOfficePageClickBurgerLogoOpenMainPageTest"},{"name":"suite","value":"PrivateOfficeTest"},{"name":"host","value":"DESKTOP-STTOSEK"},{"name":"thread","value":"16768@DESKTOP-STTOSEK.main(1)"},{"name":"framework","value":"junit4"},{"name":"language","value":"java"},{"name":"feature","value":"Переходы по кнопкам из \"Личного кабинета\""}],"links":[],"name":"privateOfficePageClickBurgerLogoOpenMainPageTest","status":"failed","statusDetails":{"known":false,"muted":false,"flaky":false,"message":"Element not found {By.className: AppHeader_header__logo__2D0X2}\r\nExpected: interactable\r\nScreenshot: file:/C:/Users/Wtme/IdeaProjects/my-sandbox-projects/QA-java-diplom-3/build/reports/tests/1659877978893.0.png\r\nPage source: file:/C:/Users/Wtme/IdeaProjects/my-sandbox-projects/QA-java-diplom-3/build/reports/tests/1659877978893.0.html\r\nTimeout: 4 s.\r\nCaused by: NoSuchElementException: no such element: Unable to locate element: {\"method\":\"css selector\",\"selector\":\".AppHeader_header__logo__2D0X2\"}","trace":"Element not found {By.className: AppHeader_header__logo__2D0X2}\r\nExpected: interactable\r\nScreenshot: file:/C:/Users/Wtme/IdeaProjects/my-sandbox-projects/QA-java-diplom-3/build/reports/tests/1659877978893.0.png\r\nPage source: file:/C:/Users/Wtme/IdeaProjects/my-sandbox-projects/QA-java-diplom-3/build/reports/tests/1659877978893.0.html\r\nTimeout: 4 s.\r\nCaused by: NoSuchElementException: no such element: Unable to locate element: {\"method\":\"css selector\",\"selector\":\".AppHeader_header__logo__2D0X2\"}\r\n\tat com.codeborne.selenide.impl.WebElementSource.createElementNotFoundError(WebElementSource.java:87)\r\n\tat com.codeborne.selenide.impl.ElementFinder.createElementNotFoundError(ElementFinder.java:122)\r\n\tat com.codeborne.selenide.impl.WebElementSource.checkConditionAndReturnElement(WebElementSource.java:129)\r\n\tat com.codeborne.selenide.impl.WebElementSource.findAndAssertElementIsInteractable(WebElementSource.java:147)\r\n\tat com.codeborne.selenide.commands.Click.findElement(Click.java:46)\r\n\tat com.codeborne.selenide.commands.Click.execute(Click.java:28)\r\n\tat com.codeborne.selenide.commands.Click.execute(Click.java:21)\r\n\tat com.codeborne.selenide.commands.Commands.execute(Commands.java:155)\r\n\tat com.codeborne.selenide.impl.SelenideElementProxy.dispatchAndRetry(SelenideElementProxy.java:129)\r\n\tat com.codeborne.selenide.impl.SelenideElementProxy.invoke(SelenideElementProxy.java:81)\r\n\tat com.sun.proxy.$Proxy19.click(Unknown Source)\r\n\tat site.nomoreparties.stellarburgers.pageobjects.SiteHeader.clickSiteLogo(SiteHeader.java:39)\r\n\tat PrivateOfficeTest.privateOfficePageClickBurgerLogoOpenMainPageTest(PrivateOfficeTest.java:50)\r\n\tat java.base/jdk.internal.reflect.NativeMethodAccessorImpl.invoke0(Native Method)\r\n\tat java.base/jdk.internal.reflect.NativeMethodAccessorImpl.invoke(NativeMethodAccessorImpl.java:62)\r\n\tat java.base/jdk.internal.reflect.DelegatingMethodAccessorImpl.invoke(DelegatingMethodAccessorImpl.java:43)\r\n\tat java.base/java.lang.reflect.Method.invoke(Method.java:566)\r\n\tat org.junit.runners.model.FrameworkMethod$1.runReflectiveCall(FrameworkMethod.java:59)\r\n\tat org.junit.internal.runners.model.ReflectiveCallable.run(ReflectiveCallable.java:12)\r\n\tat org.junit.runners.model.FrameworkMethod.invokeExplosively(FrameworkMethod.java:56)\r\n\tat org.junit.internal.runners.statements.InvokeMethod.evaluate(InvokeMethod.java:17)\r\n\tat org.junit.internal.runners.statements.RunBefores.evaluate(RunBefores.java:26)\r\n\tat org.junit.internal.runners.statements.RunAfters.evaluate(RunAfters.java:27)\r\n\tat org.junit.runners.ParentRunner$3.evaluate(ParentRunner.java:306)\r\n\tat org.junit.runners.BlockJUnit4ClassRunner$1.evaluate(BlockJUnit4ClassRunner.java:100)\r\n\tat org.junit.runners.ParentRunner.runLeaf(ParentRunner.java:366)\r\n\tat org.junit.runners.BlockJUnit4ClassRunner.runChild(BlockJUnit4ClassRunner.java:103)\r\n\tat org.junit.runners.BlockJUnit4ClassRunner.runChild(BlockJUnit4ClassRunner.java:63)\r\n\tat org.junit.runners.ParentRunner$4.run(ParentRunner.java:331)\r\n\tat org.junit.runners.ParentRunner$1.schedule(ParentRunner.java:79)\r\n\tat org.junit.runners.ParentRunner.runChildren(ParentRunner.java:329)\r\n\tat org.junit.runners.ParentRunner.access$100(ParentRunner.java:66)\r\n\tat org.junit.runners.ParentRunner$2.evaluate(ParentRunner.java:293)\r\n\tat org.junit.internal.runners.statements.RunBefores.evaluate(RunBefores.java:26)\r\n\tat org.junit.runners.ParentRunner$3.evaluate(ParentRunner.java:306)\r\n\tat org.junit.runners.ParentRunner.run(ParentRunner.java:413)\r\n\tat org.apache.maven.surefire.junit4.JUnit4Provider.execute(JUnit4Provider.java:377)\r\n\tat org.apache.maven.surefire.junit4.JUnit4Provider.executeWithRerun(JUnit4Provider.java:284)\r\n\tat org.apache.maven.surefire.junit4.JUnit4Provider.executeTestSet(JUnit4Provider.java:248)\r\n\tat org.apache.maven.surefire.junit4.JUnit4Provider.invoke(JUnit4Provider.java:167)\r\n\tat org.apache.maven.surefire.booter.ForkedBooter.runSuitesInProcess(ForkedBooter.java:456)\r\n\tat org.apache.maven.surefire.booter.ForkedBooter.execute(ForkedBooter.java:169)\r\n\tat org.apache.maven.surefire.booter.ForkedBooter.run(ForkedBooter.java:595)\r\n\tat org.apache.maven.surefire.booter.ForkedBooter.main(ForkedBooter.java:581)\r\nCaused by: org.openqa.selenium.NoSuchElementException: no such element: Unable to locate element: {\"method\":\"css selector\",\"selector\":\".AppHeader_header__logo__2D0X2\"}\n  (Session info: chrome=104.0.5112.81)\nFor documentation on this error, please visit: https://selenium.dev/exceptions/#no_such_element\nBuild info: version: '4.3.0', revision: 'a4995e2c09*'\nSystem info: host: 'DESKTOP-STTOSEK', ip: '192.168.1.53', os.name: 'Windows 10', os.arch: 'amd64', os.version: '10.0', java.version: '11.0.16'\nDriver info: org.openqa.selenium.chrome.ChromeDriver\nCommand: [2301bee3fb5defbcde5aec69dfaee686, findElement {using=class name, value=AppHeader_header__logo__2D0X2}]\nCapabilities {acceptInsecureCerts: true, browserName: chrome, browserVersion: 104.0.5112.81, chrome: {chromedriverVersion: 104.0.5112.79 (3cf3e8c8a07d..., userDataDir: C:\\Users\\Wtme\\AppData\\Local...}, goog:chromeOptions: {debuggerAddress: localhost:64459}, networkConnectionEnabled: false, pageLoadStrategy: normal, platformName: WINDOWS, proxy: Proxy(), se:cdp: ws://localhost:64459/devtoo..., se:cdpVersion: 104.0.5112.81, setWindowRect: true, strictFileInteractability: false, timeouts: {implicit: 0, pageLoad: 300000, script: 30000}, unhandledPromptBehavior: accept, webauthn:extension:credBlob: true, webauthn:extension:largeBlob: true, webauthn:virtualAuthenticators: true}\nSession ID: 2301bee3fb5defbcde5aec69dfaee686\r\n\tat jdk.internal.reflect.GeneratedConstructorAccessor50.newInstance(Unknown Source)\r\n\tat java.base/jdk.internal.reflect.DelegatingConstructorAccessorImpl.newInstance(DelegatingConstructorAccessorImpl.java:45)\r\n\tat java.base/java.lang.reflect.Constructor.newInstance(Constructor.java:490)\r\n\tat org.openqa.selenium.remote.codec.w3c.W3CHttpResponseCodec.createException(W3CHttpResponseCodec.java:200)\r\n\tat org.openqa.selenium.remote.codec.w3c.W3CHttpResponseCodec.decode(W3CHttpResponseCodec.java:133)\r\n\tat org.openqa.selenium.remote.codec.w3c.W3CHttpResponseCodec.decode(W3CHttpResponseCodec.java:53)\r\n\tat org.openqa.selenium.remote.HttpCommandExecutor.execute(HttpCommandExecutor.java:184)\r\n\tat org.openqa.selenium.remote.service.DriverCommandExecutor.invokeExecute(DriverCommandExecutor.java:167)\r\n\tat org.openqa.selenium.remote.service.DriverCommandExecutor.execute(DriverCommandExecutor.java:142)\r\n\tat org.openqa.selenium.remote.RemoteWebDriver.execute(RemoteWebDriver.java:569)\r\n\tat org.openqa.selenium.remote.ElementLocation$ElementFinder$2.findElement(ElementLocation.java:162)\r\n\tat org.openqa.selenium.remote.ElementLocation.findElement(ElementLocation.java:60)\r\n\tat org.openqa.selenium.remote.RemoteWebDriver.findElement(RemoteWebDriver.java:387)\r\n\tat org.openqa.selenium.remote.RemoteWebDriver.findElement(RemoteWebDriver.java:379)\r\n\tat com.codeborne.selenide.impl.WebElementSelector.findElement(WebElementSelector.java:70)\r\n\tat com.codeborne.selenide.impl.WebElementSelector.findElement(WebElementSelector.java:44)\r\n\tat com.codeborne.selenide.impl.WebElementSelector.findElement(WebElementSelector.java:33)\r\n\tat com.codeborne.selenide.impl.ElementFinder.getWebElement(ElementFinder.java:102)\r\n\tat com.codeborne.selenide.impl.WebElementSource.checkConditionAndReturnElement(WebElementSource.java:110)\r\n\t... 41 more\r\n"},"stage":"finished","steps":[{"name":"API. Зарегистрировать пользователя","status":"passed","stage":"finished","steps":[],"attachments":[{"name":"Request","source":"deff45e6-8ff4-4605-9d7f-8bbcf1ff7bdf-attachment.html","type":"text/html"},{"name":"HTTP/1.1 200 OK","source":"77c7c5a9-deea-40af-9aa4-9f0b690cf011-attachment.html","type":"text/html"}],"parameters":[{"name":"user","value":"User(name=Валерий8W!, email=CJmraymon.price@example.com, password=5U8eNP5B)"}],"start":1659877973389,"stop":1659877973768},{"name":"Заполнить форму входа","status":"passed","stage":"finished","steps":[],"attachments":[],"parameters":[{"name":"user","value":"User(name=Валерий8W!, email=CJmraymon.price@example.com, password=5U8eNP5B)"}],"start":1659877973924,"stop":1659877974087},{"name":"Нажать кнопку \"Войти\"","status":"passed","stage":"finished","steps":[],"attachments":[],"parameters":[],"start":1659877974087,"stop":1659877974486},{"name":"Нажать на лого в шапке сайте","status":"failed","statusDetails":{"known":false,"muted":false,"flaky":false,"message":"Element not found {By.className: AppHeader_header__logo__2D0X2}\r\nExpected: interactable\r\nScreenshot: file:/C:/Users/Wtme/IdeaProjects/my-sandbox-projects/QA-java-diplom-3/build/reports/tests/1659877978893.0.png\r\nPage source: file:/C:/Users/Wtme/IdeaProjects/my-sandbox-projects/QA-java-diplom-3/build/reports/tests/1659877978893.0.html\r\nTimeout: 4 s.\r\nCaused by: NoSuchElementException: no such element: Unable to locate element: {\"method\":\"css selector\",\"selector\":\".AppHeader_header__logo__2D0X2\"}","trace":"Element not found {By.className: AppHeader_header__logo__2D0X2}\r\nExpected: interactable\r\nScreenshot: file:/C:/Users/Wtme/IdeaProjects/my-sandbox-projects/QA-java-diplom-3/build/reports/tests/1659877978893.0.png\r\nPage source: file:/C:/Users/Wtme/IdeaProjects/my-sandbox-projects/QA-java-diplom-3/build/reports/tests/1659877978893.0.html\r\nTimeout: 4 s.\r\nCaused by: NoSuchElementException: no such element: Unable to locate element: {\"method\":\"css selector\",\"selector\":\".AppHeader_header__logo__2D0X2\"}\r\n\tat com.codeborne.selenide.impl.WebElementSource.createElementNotFoundError(WebElementSource.java:87)\r\n\tat com.codeborne.selenide.impl.ElementFinder.createElementNotFoundError(ElementFinder.java:122)\r\n\tat com.codeborne.selenide.impl.WebElementSource.checkConditionAndReturnElement(WebElementSource.java:129)\r\n\tat com.codeborne.selenide.impl.WebElementSource.findAndAssertElementIsInteractable(WebElementSource.java:147)\r\n\tat com.codeborne.selenide.commands.Click.findElement(Click.java:46)\r\n\tat com.codeborne.selenide.commands.Click.execute(Click.java:28)\r\n\tat com.codeborne.selenide.commands.Click.execute(Click.java:21)\r\n\tat com.codeborne.selenide.commands.Commands.execute(Commands.java:155)\r\n\tat com.codeborne.selenide.impl.SelenideElementProxy.dispatchAndRetry(SelenideElementProxy.java:129)\r\n\tat com.codeborne.selenide.impl.SelenideElementProxy.invoke(SelenideElementProxy.java:81)\r\n\tat com.sun.proxy.$Proxy19.click(Unknown Source)\r\n\tat site.nomoreparties.stellarburgers.pageobjects.SiteHeader.clickSiteLogo(SiteHeader.java:39)\r\n\tat PrivateOfficeTest.privateOfficePageClickBurgerLogoOpenMainPageTest(PrivateOfficeTest.java:50)\r\n\tat java.base/jdk.internal.reflect.NativeMethodAccessorImpl.invoke0(Native Method)\r\n\tat java.base/jdk.internal.reflect.NativeMethodAccessorImpl.invoke(NativeMethodAccessorImpl.java:62)\r\n\tat java.base/jdk.internal.reflect.DelegatingMethodAccessorImpl.invoke(DelegatingMethodAccessorImpl.java:43)\r\n\tat java.base/java.lang.reflect.Method.invoke(Method.java:566)\r\n\tat org.junit.runners.model.FrameworkMethod$1.runReflectiveCall(FrameworkMethod.java:59)\r\n\tat org.junit.internal.runners.model.ReflectiveCallable.run(ReflectiveCallable.java:12)\r\n\tat org.junit.runners.model.FrameworkMethod.invokeExplosively(FrameworkMethod.java:56)\r\n\tat org.junit.internal.runners.statements.InvokeMethod.evaluate(InvokeMethod.java:17)\r\n\tat org.junit.internal.runners.statements.RunBefores.evaluate(RunBefores.java:26)\r\n\tat org.junit.internal.runners.statements.RunAfters.evaluate(RunAfters.java:27)\r\n\tat org.junit.runners.ParentRunner$3.evaluate(ParentRunner.java:306)\r\n\tat org.junit.runners.BlockJUnit4ClassRunner$1.evaluate(BlockJUnit4ClassRunner.java:100)\r\n\tat org.junit.runners.ParentRunner.runLeaf(ParentRunner.java:366)\r\n\tat org.junit.runners.BlockJUnit4ClassRunner.runChild(BlockJUnit4ClassRunner.java:103)\r\n\tat org.junit.runners.BlockJUnit4ClassRunner.runChild(BlockJUnit4ClassRunner.java:63)\r\n\tat org.junit.runners.ParentRunner$4.run(ParentRunner.java:331)\r\n\tat org.junit.runners.ParentRunner$1.schedule(ParentRunner.java:79)\r\n\tat org.junit.runners.ParentRunner.runChildren(ParentRunner.java:329)\r\n\tat org.junit.runners.ParentRunner.access$100(ParentRunner.java:66)\r\n\tat org.junit.runners.ParentRunner$2.evaluate(ParentRunner.java:293)\r\n\tat org.junit.internal.runners.statements.RunBefores.evaluate(RunBefores.java:26)\r\n\tat org.junit.runners.ParentRunner$3.evaluate(ParentRunner.java:306)\r\n\tat org.junit.runners.ParentRunner.run(ParentRunner.java:413)\r\n\tat org.apache.maven.surefire.junit4.JUnit4Provider.execute(JUnit4Provider.java:377)\r\n\tat org.apache.maven.surefire.junit4.JUnit4Provider.executeWithRerun(JUnit4Provider.java:284)\r\n\tat org.apache.maven.surefire.junit4.JUnit4Provider.executeTestSet(JUnit4Provider.java:248)\r\n\tat org.apache.maven.surefire.junit4.JUnit4Provider.invoke(JUnit4Provider.java:167)\r\n\tat org.apache.maven.surefire.booter.ForkedBooter.runSuitesInProcess(ForkedBooter.java:456)\r\n\tat org.apache.maven.surefire.booter.ForkedBooter.execute(ForkedBooter.java:169)\r\n\tat org.apache.maven.surefire.booter.ForkedBooter.run(ForkedBooter.java:595)\r\n\tat org.apache.maven.surefire.booter.ForkedBooter.main(ForkedBooter.java:581)\r\nCaused by: org.openqa.selenium.NoSuchElementException: no such element: Unable to locate element: {\"method\":\"css selector\",\"selector\":\".AppHeader_header__logo__2D0X2\"}\n  (Session info: chrome=104.0.5112.81)\nFor documentation on this error, please visit: https://selenium.dev/exceptions/#no_such_element\nBuild info: version: '4.3.0', revision: 'a4995e2c09*'\nSystem info: host: 'DESKTOP-STTOSEK', ip: '192.168.1.53', os.name: 'Windows 10', os.arch: 'amd64', os.version: '10.0', java.version: '11.0.16'\nDriver info: org.openqa.selenium.chrome.ChromeDriver\nCommand: [2301bee3fb5defbcde5aec69dfaee686, findElement {using=class name, value=AppHeader_header__logo__2D0X2}]\nCapabilities {acceptInsecureCerts: true, browserName: chrome, browserVersion: 104.0.5112.81, chrome: {chromedriverVersion: 104.0.5112.79 (3cf3e8c8a07d..., userDataDir: C:\\Users\\Wtme\\AppData\\Local...}, goog:chromeOptions: {debuggerAddress: localhost:64459}, networkConnectionEnabled: false, pageLoadStrategy: normal, platformName: WINDOWS, proxy: Proxy(), se:cdp: ws://localhost:64459/devtoo..., se:cdpVersion: 104.0.5112.81, setWindowRect: true, strictFileInteractability: false, timeouts: {implicit: 0, pageLoad: 300000, script: 30000}, unhandledPromptBehavior: accept, webauthn:extension:credBlob: true, webauthn:extension:largeBlob: true, webauthn:virtualAuthenticators: true}\nSession ID: 2301bee3fb5defbcde5aec69dfaee686\r\n\tat jdk.internal.reflect.GeneratedConstructorAccessor50.newInstance(Unknown Source)\r\n\tat java.base/jdk.internal.reflect.DelegatingConstructorAccessorImpl.newInstance(DelegatingConstructorAccessorImpl.java:45)\r\n\tat java.base/java.lang.reflect.Constructor.newInstance(Constructor.java:490)\r\n\tat org.openqa.selenium.remote.codec.w3c.W3CHttpResponseCodec.createException(W3CHttpResponseCodec.java:200)\r\n\tat org.openqa.selenium.remote.codec.w3c.W3CHttpResponseCodec.decode(W3CHttpResponseCodec.java:133)\r\n\tat org.openqa.selenium.remote.codec.w3c.W3CHttpResponseCodec.decode(W3CHttpResponseCodec.java:53)\r\n\tat org.openqa.selenium.remote.HttpCommandExecutor.execute(HttpCommandExecutor.java:184)\r\n\tat org.openqa.selenium.remote.service.DriverCommandExecutor.invokeExecute(DriverCommandExecutor.java:167)\r\n\tat org.openqa.selenium.remote.service.DriverCommandExecutor.execute(DriverCommandExecutor.java:142)\r\n\tat org.openqa.selenium.remote.RemoteWebDriver.execute(RemoteWebDriver.java:569)\r\n\tat org.openqa.selenium.remote.ElementLocation$ElementFinder$2.findElement(ElementLocation.java:162)\r\n\tat org.openqa.selenium.remote.ElementLocation.findElement(ElementLocation.java:60)\r\n\tat org.openqa.selenium.remote.RemoteWebDriver.findElement(RemoteWebDriver.java:387)\r\n\tat org.openqa.selenium.remote.RemoteWebDriver.findElement(RemoteWebDriver.java:379)\r\n\tat com.codeborne.selenide.impl.WebElementSelector.findElement(WebElementSelector.java:70)\r\n\tat com.codeborne.selenide.impl.WebElementSelector.findElement(WebElementSelector.java:44)\r\n\tat com.codeborne.selenide.impl.WebElementSelector.findElement(WebElementSelector.java:33)\r\n\tat com.codeborne.selenide.impl.ElementFinder.getWebElement(ElementFinder.java:102)\r\n\tat com.codeborne.selenide.impl.WebElementSource.checkConditionAndReturnElement(WebElementSource.java:110)\r\n\t... 41 more\r\n"},"stage":"finished","steps":[],"attachments":[],"parameters":[],"start":1659877974765,"stop":1659877979201},{"name":"API. Получить токен, выполнив вход","status":"passed","stage":"finished","steps":[],"attachments":[{"name":"Request","source":"9e276ef7-05fd-4b69-9a26-5cabbf3b54bb-attachment.html","type":"text/html"},{"name":"HTTP/1.1 200 OK","source":"c15cae83-f7ce-40a1-895b-e4169d2a1de2-attachment.html","type":"text/html"}],"parameters":[{"name":"user","value":"User(name=Валерий8W!, email=CJmraymon.price@example.com, password=5U8eNP5B)"}],"start":1659877979202,"stop":1659877979633},{"name":"API. Удалить пользователя","status":"passed","stage":"finished","steps":[],"attachments":[{"name":"Request","source":"3d1027fd-6242-4ec7-9e86-589ce1ac5d2a-attachment.html","type":"text/html"},{"name":"HTTP/1.1 202 Accepted","source":"d70b50b3-fbdd-443d-9e7c-cc3250bdc8ad-attachment.html","type":"text/html"}],"parameters":[{"name":"accessToken","value":"Bearer eyJhbGciOiJIUzI1NiIsInR5cCI6IkpXVCJ9.eyJpZCI6IjYyZWZiYTU1OTNlYmMyMDAxYjRhZTI0ZSIsImlhdCI6MTY1OTg3Nzk3OSwiZXhwIjoxNjU5ODc5MTc5fQ.ez89-izouA4GSR6_dItI_Qgm7_8MvgwbJ-1lzhEEAYY"}],"start":1659877979633,"stop":1659877980036}],"attachments":[],"parameters":[],"start":1659877973389,"stop":1659877980045}